[    0.000000] Initializing cgroup subsys cpuset
[    0.000000] Initializing cgroup subsys cpu
[    0.000000] Initializing cgroup subsys cpuacct
[    0.000000] Linux version 4.4.0-165-generic (buildd@lgw01-amd64-027) (gcc version 5.4.0 20160609 (Ubuntu 5.4.0-6ubuntu1~16.04.10) ) #193-Ubuntu SMP Tue Sep 17 17:42:52 UTC 2019 (Ubuntu 4.4.0-165.193-generic 4.4.189)
[    0.000000] Command line: BOOT_IMAGE=/boot/vmlinuz-4.4.0-165-generic root=LABEL=cloudimg-rootfs ro console=tty1 console=ttyS0
[    0.000000] KERNEL supported cpus:
[    0.000000]   Intel GenuineIntel
[    0.000000]   AMD AuthenticAMD
[    0.000000]   Centaur CentaurHauls
[    0.000000] x86/fpu: xstate_offset[2]:  576, xstate_sizes[2]:  256
[    0.000000] x86/fpu: Supporting XSAVE feature 0x01: 'x87 floating point registers'
[    0.000000] x86/fpu: Supporting XSAVE feature 0x02: 'SSE registers'
[    0.000000] x86/fpu: Supporting XSAVE feature 0x04: 'AVX registers'
[    0.000000] x86/fpu: Enabled xstate features 0x7, context size is 832 bytes, using 'standard' format.
[    0.000000] e820: BIOS-provided physical RAM map:
[    0.000000] BIOS-e820: [mem 0x0000000000000000-0x000000000009fbff] usable
[    0.000000] BIOS-e820: [mem 0x000000000009fc00-0x000000000009ffff] reserved
[    0.000000] BIOS-e820: [mem 0x00000000000f0000-0x00000000000fffff] reserved
[    0.000000] BIOS-e820: [mem 0x0000000000100000-0x000000003ffeffff] usable
[    0.000000] BIOS-e820: [mem 0x000000003fff0000-0x000000003fffffff] ACPI data
[    0.000000] BIOS-e820: [mem 0x00000000fec00000-0x00000000fec00fff] reserved
[    0.000000] BIOS-e820: [mem 0x00000000fee00000-0x00000000fee00fff] reserved
[    0.000000] BIOS-e820: [mem 0x00000000fffc0000-0x00000000ffffffff] reserved
[    0.000000] NX (Execute Disable) protection: active
[    0.000000] SMBIOS 2.5 present.
[    0.000000] Hypervisor detected: KVM
[    0.000000] Kernel/User page tables isolation: disabled
[    0.000000] e820: last_pfn = 0x3fff0 max_arch_pfn = 0x400000000
[    0.000000] MTRR: Disabled
[    0.000000] x86/PAT: MTRRs disabled, skipping PAT initialization too.
[    0.000000] CPU MTRRs all blank - virtualized system.
[    0.000000] x86/PAT: Configuration [0-7]: WB  WT  UC- UC  WB  WT  UC- UC  
[    0.000000] found SMP MP-table at [mem 0x0009fff0-0x0009ffff] mapped at [ffff88000009fff0]
[    0.000000] Scanning 1 areas for low memory corruption
[    0.000000] RAMDISK: [mem 0x362fa000-0x37174fff]
[    0.000000] ACPI: Early table checksum verification disabled
[    0.000000] ACPI: RSDP 0x00000000000E0000 000024 (v02 VBOX  )
[    0.000000] ACPI: XSDT 0x000000003FFF0030 00003C (v01 VBOX   VBOXXSDT 00000001 ASL  00000061)
[    0.000000] ACPI: FACP 0x000000003FFF00F0 0000F4 (v04 VBOX   VBOXFACP 00000001 ASL  00000061)
[    0.000000] ACPI: DSDT 0x000000003FFF0470 0022EA (v02 VBOX   VBOXBIOS 00000002 INTL 20100528)
[    0.000000] ACPI: FACS 0x000000003FFF0200 000040
[    0.000000] ACPI: FACS 0x000000003FFF0200 000040
[    0.000000] ACPI: APIC 0x000000003FFF0240 00005C (v02 VBOX   VBOXAPIC 00000001 ASL  00000061)
[    0.000000] ACPI: SSDT 0x000000003FFF02A0 0001CC (v01 VBOX   VBOXCPUT 00000002 INTL 20100528)
[    0.000000] No NUMA configuration found
[    0.000000] Faking a node at [mem 0x0000000000000000-0x000000003ffeffff]
[    0.000000] NODE_DATA(0) allocated [mem 0x3ffeb000-0x3ffeffff]
[    0.000000] kvm-clock: Using msrs 4b564d01 and 4b564d00
[    0.000000] kvm-clock: cpu 0, msr 0:3ffe3001, primary cpu clock
[    0.000000] kvm-clock: using sched offset of 3206547080 cycles
[    0.000000] clocksource: kvm-clock: mask: 0xffffffffffffffff max_cycles: 0x1cd42e4dffb, max_idle_ns: 881590591483 ns
[    0.000000] Zone ranges:
[    0.000000]   DMA      [mem 0x0000000000001000-0x0000000000ffffff]
[    0.000000]   DMA32    [mem 0x0000000001000000-0x000000003ffeffff]
[    0.000000]   Normal   empty
[    0.000000]   Device   empty
[    0.000000] Movable zone start for each node
[    0.000000] Early memory node ranges
[    0.000000]   node   0: [mem 0x0000000000001000-0x000000000009efff]
[    0.000000]   node   0: [mem 0x0000000000100000-0x000000003ffeffff]
[    0.000000] Initmem setup node 0 [mem 0x0000000000001000-0x000000003ffeffff]
[    0.000000] ACPI: PM-Timer IO Port: 0x4008
[    0.000000] IOAPIC[0]: apic_id 2, version 32, address 0xfec00000, GSI 0-23
[    0.000000] ACPI: INT_SRC_OVR (bus 0 bus_irq 0 global_irq 2 dfl dfl)
[    0.000000] ACPI: INT_SRC_OVR (bus 0 bus_irq 9 global_irq 9 low level)
[    0.000000] Using ACPI (MADT) for SMP configuration information
[    0.000000] smpboot: Allowing 2 CPUs, 0 hotplug CPUs
[    0.000000] PM: Registered nosave memory: [mem 0x00000000-0x00000fff]
[    0.000000] PM: Registered nosave memory: [mem 0x0009f000-0x0009ffff]
[    0.000000] PM: Registered nosave memory: [mem 0x000a0000-0x000effff]
[    0.000000] PM: Registered nosave memory: [mem 0x000f0000-0x000fffff]
[    0.000000] e820: [mem 0x40000000-0xfebfffff] available for PCI devices
[    0.000000] Booting paravirtualized kernel on KVM
[    0.000000] clocksource: refined-jiffies: mask: 0xffffffff max_cycles: 0xffffffff, max_idle_ns: 7645519600211568 ns
[    0.000000] setup_percpu: NR_CPUS:512 nr_cpumask_bits:512 nr_cpu_ids:2 nr_node_ids:1
[    0.000000] PERCPU: Embedded 34 pages/cpu @ffff88003fc00000 s99544 r8192 d31528 u1048576
[    0.000000] Built 1 zonelists in Node order, mobility grouping on.  Total pages: 257912
[    0.000000] Policy zone: DMA32
[    0.000000] Kernel command line: BOOT_IMAGE=/boot/vmlinuz-4.4.0-165-generic root=LABEL=cloudimg-rootfs ro console=tty1 console=ttyS0
[    0.000000] PID hash table entries: 4096 (order: 3, 32768 bytes)
[    0.000000] Memory: 997732K/1048120K available (8621K kernel code, 1335K rwdata, 4032K rodata, 1484K init, 1284K bss, 50388K reserved, 0K cma-reserved)
[    0.000000] SLUB: HWalign=64, Order=0-3, MinObjects=0, CPUs=2, Nodes=1
[    0.000000] Hierarchical RCU implementation.
[    0.000000] 	Build-time adjustment of leaf fanout to 64.
[    0.000000] 	RCU restricting CPUs from NR_CPUS=512 to nr_cpu_ids=2.
[    0.000000] RCU: Adjusting geometry for rcu_fanout_leaf=64, nr_cpu_ids=2
[    0.000000] NR_IRQS:33024 nr_irqs:440 16
[    0.000000] Console: colour VGA+ 80x25
[    0.000000] console [tty1] enabled
[    0.000000] console [ttyS0] enabled
[    0.000000] tsc: Detected 1992.001 MHz processor
[    0.111206] Calibrating delay loop (skipped) preset value.. 3984.00 BogoMIPS (lpj=7968004)
[    0.112432] pid_max: default: 32768 minimum: 301
[    0.113075] ACPI: Core revision 20150930
[    0.114239] ACPI: 2 ACPI AML tables successfully acquired and loaded
[    0.115253] Security Framework initialized
[    0.115868] Yama: becoming mindful.
[    0.116402] AppArmor: AppArmor initialized
[    0.117143] Dentry cache hash table entries: 131072 (order: 8, 1048576 bytes)
[    0.118506] Inode-cache hash table entries: 65536 (order: 7, 524288 bytes)
[    0.120282] Mount-cache hash table entries: 2048 (order: 2, 16384 bytes)
[    0.121091] Mountpoint-cache hash table entries: 2048 (order: 2, 16384 bytes)
[    0.122135] Initializing cgroup subsys io
[    0.122791] Initializing cgroup subsys memory
[    0.123617] Initializing cgroup subsys devices
[    0.124236] Initializing cgroup subsys freezer
[    0.124912] Initializing cgroup subsys net_cls
[    0.125527] Initializing cgroup subsys perf_event
[    0.126274] Initializing cgroup subsys net_prio
[    0.126873] Initializing cgroup subsys hugetlb
[    0.127492] Initializing cgroup subsys pids
[    0.129151] mce: CPU supports 0 MCE banks
[    0.129795] Last level iTLB entries: 4KB 64, 2MB 8, 4MB 8
[    0.130605] Last level dTLB entries: 4KB 64, 2MB 0, 4MB 0, 1GB 4
[    0.131375] Spectre V1 : Mitigation: usercopy/swapgs barriers and __user pointer sanitization
[    0.132575] Spectre V2 : Mitigation: Enhanced IBRS
[    0.133230] Spectre V2 : Spectre v2 / SpectreRSB mitigation: Filling RSB on context switch
[    0.134383] Speculative Store Bypass: Vulnerable
[    0.136999] Freeing SMP alternatives memory: 36K
[    0.142778] ftrace: allocating 32318 entries in 127 pages
[    0.178995] smpboot: APIC(0) Converting physical 0 to logical package 0
[    0.179892] smpboot: Max logical packages: 1
[    0.180696] x2apic enabled
[    0.181409] Switched APIC routing to physical x2apic.
[    0.182963] ..TIMER: vector=0x30 apic1=0 pin1=2 apic2=-1 pin2=-1
[    0.290526] smpboot: CPU0: Intel(R) Core(TM) i7-8565U CPU @ 1.80GHz (family: 0x6, model: 0x8e, stepping: 0xc)
[    0.292219] Performance Events: unsupported p6 CPU model 142 no PMU driver, software events only.
[    0.298775] KVM setup paravirtual spinlock
[    0.299932] x86: Booting SMP configuration:
[    0.300532] .... node  #0, CPUs:      #1
[    0.301256] kvm-clock: cpu 1, msr 0:3ffe3041, secondary cpu clock
[    0.302958] mce: CPU supports 0 MCE banks
[    0.305418] x86: Booted up 1 node, 2 CPUs
[    0.306221] smpboot: Total of 2 processors activated (7968.00 BogoMIPS)
[    0.307405] devtmpfs: initialized
[    0.309631] evm: security.selinux
[    0.310231] evm: security.SMACK64
[    0.310799] evm: security.SMACK64EXEC
[    0.311420] evm: security.SMACK64TRANSMUTE
[    0.312022] evm: security.SMACK64MMAP
[    0.312564] evm: security.ima
[    0.313103] evm: security.capability
[    0.313897] clocksource: jiffies: mask: 0xffffffff max_cycles: 0xffffffff, max_idle_ns: 7645041785100000 ns
[    0.315290] futex hash table entries: 512 (order: 3, 32768 bytes)
[    0.316264] pinctrl core: initialized pinctrl subsystem
[    0.317089] RTC time: 11:01:44, date: 10/09/19
[    0.318325] NET: Registered protocol family 16
[    0.330812] cpuidle: using governor ladder
[    0.342399] cpuidle: using governor menu
[    0.343412] PCCT header not found.
[    0.344027] ACPI: bus type PCI registered
[    0.344699] acpiphp: ACPI Hot Plug PCI Controller Driver version: 0.5
[    0.346113] PCI: Using configuration type 1 for base access
[    0.361032] ACPI: Added _OSI(Module Device)
[    0.361835] ACPI: Added _OSI(Processor Device)
[    0.362582] ACPI: Added _OSI(3.0 _SCP Extensions)
[    0.363355] ACPI: Added _OSI(Processor Aggregator Device)
[    0.364935] ACPI: Executed 1 blocks of module-level executable AML code
[    0.367713] ACPI: Interpreter enabled
[    0.368296] ACPI: (supports S0 S5)
[    0.368875] ACPI: Using IOAPIC for interrupt routing
[    0.369857] PCI: Using host bridge windows from ACPI; if necessary, use "pci=nocrs" and report a bug
[    0.373518] ACPI: PCI Root Bridge [PCI0] (domain 0000 [bus 00-ff])
[    0.374396] acpi PNP0A03:00: _OSC: OS supports [ASPM ClockPM Segments MSI]
[    0.375544] acpi PNP0A03:00: _OSC: not requesting OS control; OS requires [ExtendedConfig ASPM ClockPM MSI]
[    0.376799] acpi PNP0A03:00: fail to add MMCONFIG information, can't access extended PCI configuration space under this bridge.
[    0.379135] PCI host bridge to bus 0000:00
[    0.379785] pci_bus 0000:00: root bus resource [io  0x0000-0x0cf7 window]
[    0.380710] pci_bus 0000:00: root bus resource [io  0x0d00-0xffff window]
[    0.381686] pci_bus 0000:00: root bus resource [mem 0x000a0000-0x000bffff window]
[    0.382967] pci_bus 0000:00: root bus resource [mem 0x40000000-0xfdffffff window]
[    0.384122] pci_bus 0000:00: root bus resource [bus 00-ff]
[    0.386068] pci 0000:00:01.1: legacy IDE quirk: reg 0x10: [io  0x01f0-0x01f7]
[    0.386989] pci 0000:00:01.1: legacy IDE quirk: reg 0x14: [io  0x03f6]
[    0.387894] pci 0000:00:01.1: legacy IDE quirk: reg 0x18: [io  0x0170-0x0177]
[    0.388883] pci 0000:00:01.1: legacy IDE quirk: reg 0x1c: [io  0x0376]
[    0.399184] pci 0000:00:07.0: quirk: [io  0x4000-0x403f] claimed by PIIX4 ACPI
[    0.411555] pci 0000:00:07.0: quirk: [io  0x4100-0x410f] claimed by PIIX4 SMB
[    0.420090] ACPI: PCI Interrupt Link [LNKA] (IRQs 5 9 10 *11)
[    0.421628] ACPI: PCI Interrupt Link [LNKB] (IRQs 5 9 *10 11)
[    0.423033] ACPI: PCI Interrupt Link [LNKC] (IRQs 5 *9 10 11)
[    0.424524] ACPI: PCI Interrupt Link [LNKD] (IRQs 5 9 10 *11)
[    0.425645] ACPI: Enabled 2 GPEs in block 00 to 07
[    0.426589] vgaarb: setting as boot device: PCI:0000:00:02.0
[    0.427369] vgaarb: device added: PCI:0000:00:02.0,decodes=io+mem,owns=io+mem,locks=none
[    0.428516] vgaarb: loaded
[    0.428941] vgaarb: bridge control possible 0000:00:02.0
[    0.429949] SCSI subsystem initialized
[    0.430999] ACPI: bus type USB registered
[    0.431891] usbcore: registered new interface driver usbfs
[    0.432648] usbcore: registered new interface driver hub
[    0.433407] usbcore: registered new device driver usb
[    0.434298] PCI: Using ACPI for IRQ routing
[    0.435272] NetLabel: Initializing
[    0.435994] NetLabel:  domain hash size = 128
[    0.436729] NetLabel:  protocols = UNLABELED CIPSOv4
[    0.437473] NetLabel:  unlabeled traffic allowed by default
[    0.438259] amd_nb: Cannot enumerate AMD northbridges
[    0.439029] clocksource: Switched to clocksource kvm-clock
[    0.445005] AppArmor: AppArmor Filesystem Enabled
[    0.445710] pnp: PnP ACPI init
[    0.446716] pnp: PnP ACPI: found 3 devices
[    0.455845] clocksource: acpi_pm: mask: 0xffffff max_cycles: 0xffffff, max_idle_ns: 2085701024 ns
[    0.457542] NET: Registered protocol family 2
[    0.458525] TCP established hash table entries: 8192 (order: 4, 65536 bytes)
[    0.459642] TCP bind hash table entries: 8192 (order: 5, 131072 bytes)
[    0.460521] TCP: Hash tables configured (established 8192 bind 8192)
[    0.461856] UDP hash table entries: 512 (order: 2, 16384 bytes)
[    0.462685] UDP-Lite hash table entries: 512 (order: 2, 16384 bytes)
[    0.463676] NET: Registered protocol family 1
[    0.464285] pci 0000:00:00.0: Limiting direct PCI/PCI transfers
[    0.465058] pci 0000:00:01.0: Activating ISA DMA hang workarounds
[    0.466341] Unpacking initramfs...
[    0.632570] Freeing initrd memory: 14828K
[    0.633428] clocksource: tsc: mask: 0xffffffffffffffff max_cycles: 0x396d54029a7, max_idle_ns: 881590429682 ns
[    0.635497] platform rtc_cmos: registered platform RTC device (no PNP device found)
[    0.636702] Scanning for low memory corruption every 60 seconds
[    0.638102] audit: initializing netlink subsys (disabled)
[    0.639026] audit: type=2000 audit(1570618909.066:1): initialized
[    0.640409] Initialise system trusted keyring
[    0.641405] HugeTLB registered 2 MB page size, pre-allocated 0 pages
[    0.643269] zbud: loaded
[    0.643940] VFS: Disk quotas dquot_6.6.0
[    0.644544] VFS: Dquot-cache hash table entries: 512 (order 0, 4096 bytes)
[    0.645689] squashfs: version 4.0 (2009/01/31) Phillip Lougher
[    0.646806] fuse init (API version 7.23)
[    0.648069] Key type big_key registered
[    0.648687] Allocating IMA MOK and blacklist keyrings.
[    0.652176] Key type asymmetric registered
[    0.652940] Asymmetric key parser 'x509' registered
[    0.653826] Block layer SCSI generic (bsg) driver version 0.4 loaded (major 249)
[    0.655163] io scheduler noop registered
[    0.655842] io scheduler deadline registered (default)
[    0.656558] io scheduler cfq registered
[    0.657279] pci_hotplug: PCI Hot Plug PCI Core version: 0.5
[    0.658150] pciehp: PCI Express Hot Plug Controller Driver version: 0.4
[    0.659251] ACPI: AC Adapter [AC] (on-line)
[    0.659948] input: Power Button as /devices/LNXSYSTM:00/LNXPWRBN:00/input/input0
[    0.661132] ACPI: Power Button [PWRF]
[    0.661765] input: Sleep Button as /devices/LNXSYSTM:00/LNXSLPBN:00/input/input1
[    0.662892] ACPI: Sleep Button [SLPF]
[    0.663835] GHES: HEST is not enabled!
[    0.664331] ACPI: Battery Slot [BAT0] (battery present)
[    0.665529] Serial: 8250/16550 driver, 32 ports, IRQ sharing enabled
[    0.686885] 00:02: ttyS0 at I/O 0x3f8 (irq = 4, base_baud = 115200) is a 16550A
[    0.691935] Linux agpgart interface v0.103
[    0.693778] loop: module loaded
[    0.694646] scsi host0: ata_piix
[    0.695623] scsi host1: ata_piix
[    0.696264] ata1: PATA max UDMA/33 cmd 0x1f0 ctl 0x3f6 bmdma 0xd000 irq 14
[    0.697235] ata2: PATA max UDMA/33 cmd 0x170 ctl 0x376 bmdma 0xd008 irq 15
[    0.698204] libphy: Fixed MDIO Bus: probed
[    0.699137] tun: Universal TUN/TAP device driver, 1.6
[    0.699874] tun: (C) 1999-2004 Max Krasnyansky <maxk@qualcomm.com>
[    0.700781] PPP generic driver version 2.4.2
[    0.701463] ehci_hcd: USB 2.0 'Enhanced' Host Controller (EHCI) Driver
[    0.702366] ehci-pci: EHCI PCI platform driver
[    0.703106] ehci-platform: EHCI generic platform driver
[    0.704027] ohci_hcd: USB 1.1 'Open' Host Controller (OHCI) Driver
[    0.704915] ohci-pci: OHCI PCI platform driver
[    0.705651] ohci-platform: OHCI generic platform driver
[    0.706384] uhci_hcd: USB Universal Host Controller Interface driver
[    0.707384] i8042: PNP: PS/2 Controller [PNP0303:PS2K,PNP0f03:PS2M] at 0x60,0x64 irq 1,12
[    0.708998] serio: i8042 KBD port at 0x60,0x64 irq 1
[    0.709930] serio: i8042 AUX port at 0x60,0x64 irq 12
[    0.710773] mousedev: PS/2 mouse device common for all mice
[    0.711828] input: AT Translated Set 2 keyboard as /devices/platform/i8042/serio0/input/input2
[    0.713457] rtc_cmos rtc_cmos: rtc core: registered rtc_cmos as rtc0
[    0.714381] rtc_cmos rtc_cmos: alarms up to one day, 114 bytes nvram
[    0.715174] i2c /dev entries driver
[    0.715907] device-mapper: uevent: version 1.0.3
[    0.716730] device-mapper: ioctl: 4.34.0-ioctl (2015-10-28) initialised: dm-devel@redhat.com
[    0.717951] ledtrig-cpu: registered to indicate activity on CPUs
[    0.719149] NET: Registered protocol family 10
[    0.719905] NET: Registered protocol family 17
[    0.720600] Key type dns_resolver registered
[    0.721829] registered taskstats version 1
[    0.722795] Loading compiled-in X.509 certificates
[    0.724062] Loaded X.509 cert 'Build time autogenerated kernel key: 0ed82eac04367aa6426493b1389455ebf6830eaa'
[    0.725445] zswap: loaded using pool lzo/zbud
[    0.727314] Key type trusted registered
[    0.729980] Key type encrypted registered
[    0.730567] AppArmor: AppArmor sha1 policy hashing enabled
[    0.731576] ima: No TPM chip found, activating TPM-bypass!
[    0.732292] ima: Allocated hash algorithm: sha1
[    0.732949] evm: HMAC attrs: 0x1
[    0.733713]   Magic number: 7:826:23
[    0.734420] rtc_cmos rtc_cmos: setting system clock to 2019-10-09 11:01:44 UTC (1570618904)
[    0.735942] BIOS EDD facility v0.16 2004-Jun-25, 0 devices found
[    0.736833] EDD information not available.
[    0.852899] Freeing unused kernel memory: 1484K
[    0.854162] Write protecting the kernel read-only data: 14336k
[    0.856436] Freeing unused kernel memory: 1608K
[    0.857998] Freeing unused kernel memory: 64K
Loading, please wait...
starting version 229
[    0.875335] random: systemd-udevd: uninitialized urandom read (16 bytes read, 1 bits of entropy available)
[    0.875925] random: udevadm: uninitialized urandom read (16 bytes read, 1 bits of entropy available)
[    0.875946] random: udevadm: uninitialized urandom read (16 bytes read, 1 bits of entropy available)
[    0.883101] random: systemd-udevd: uninitialized urandom read (16 bytes read, 1 bits of entropy available)
[    0.883678] random: udevadm: uninitialized urandom read (16 bytes read, 1 bits of entropy available)
[    0.883714] random: udevadm: uninitialized urandom read (16 bytes read, 1 bits of entropy available)
[    0.883825] random: udevadm: uninitialized urandom read (16 bytes read, 1 bits of entropy available)
[    0.883865] random: udevadm: uninitialized urandom read (16 bytes read, 1 bits of entropy available)
[    0.883906] random: udevadm: uninitialized urandom read (16 bytes read, 1 bits of entropy available)
[    0.883945] random: udevadm: uninitialized urandom read (16 bytes read, 1 bits of entropy available)
[    0.915804] Fusion MPT base driver 3.04.20
[    0.916466] Copyright (c) 1999-2008 LSI Corporation
[    0.928073] e1000: Intel(R) PRO/1000 Network Driver - version 7.3.21-k8-NAPI
[    0.929097] e1000: Copyright (c) 1999-2006 Intel Corporation.
[    0.930077] AVX2 version of gcm_enc/dec engaged.
[    0.930831] AES CTR mode by8 optimization enabled
[    0.932747] Fusion MPT SPI Host driver 3.04.20
[    1.121137] input: ImExPS/2 Generic Explorer Mouse as /devices/platform/i8042/serio1/input/input4
[    1.276313] e1000 0000:00:03.0 eth0: (PCI:33MHz:32-bit) 02:0e:9b:2d:5b:92
[    1.278029] e1000 0000:00:03.0 eth0: Intel(R) PRO/1000 Network Connection
[    1.280754] mptbase: ioc0: Initiating bringup
[    1.354552] ioc0: LSI53C1030 A0: Capabilities={Initiator}
[    1.833388] scsi host2: ioc0: LSI53C1030 A0, FwRev=00000000h, Ports=1, MaxQ=256, IRQ=20
[    2.666928] scsi 2:0:0:0: Direct-Access     VBOX     HARDDISK         1.0  PQ: 0 ANSI: 5
[    2.671620] scsi target2:0:0: Beginning Domain Validation
[    2.675441] scsi target2:0:0: Domain Validation skipping write tests
[    2.676300] scsi target2:0:0: Ending Domain Validation
[    2.677078] scsi target2:0:0: asynchronous
[    2.678283] scsi 2:0:1:0: Direct-Access     VBOX     HARDDISK         1.0  PQ: 0 ANSI: 5
[    2.679395] scsi target2:0:1: Beginning Domain Validation
[    2.681697] scsi target2:0:1: Domain Validation skipping write tests
[    2.682581] scsi target2:0:1: Ending Domain Validation
[    2.683358] scsi target2:0:1: asynchronous
[    2.687253] sd 2:0:0:0: Attached scsi generic sg0 type 0
[    2.688157] sd 2:0:0:0: [sda] 20971520 512-byte logical blocks: (10.7 GB/10.0 GiB)
[    2.696485] sd 2:0:1:0: Attached scsi generic sg1 type 0
[    2.697341] sd 2:0:1:0: [sdb] 20480 512-byte logical blocks: (10.5 MB/10.0 MiB)
[    2.699031] sd 2:0:1:0: [sdb] Write Protect is off
[    2.699917] sd 2:0:0:0: [sda] Write Protect is off
[    2.700920] sd 2:0:1:0: [sdb] Incomplete mode parameter data
[    2.701753] sd 2:0:1:0: [sdb] Assuming drive cache: write through
[    2.702782] sd 2:0:0:0: [sda] Incomplete mode parameter data
[    2.703804] sd 2:0:0:0: [sda] Assuming drive cache: write through
[    2.713270]  sda: sda1
[    2.715075] sd 2:0:0:0: [sda] Attached SCSI disk
[    2.715941] sd 2:0:1:0: [sdb] Attached SCSI disk
[    3.015872] e1000 0000:00:08.0 eth1: (PCI:33MHz:32-bit) 08:00:27:c1:7f:9a
[    3.017674] e1000 0000:00:08.0 eth1: Intel(R) PRO/1000 Network Connection
[    3.020200] e1000 0000:00:08.0 enp0s8: renamed from eth1
[    3.032644] e1000 0000:00:03.0 enp0s3: renamed from eth0
Begin: Loading essential drivers ... [    4.271376] md: linear personality registered for level -1
[    4.274189] md: multipath personality registered for level -4
[    4.277126] md: raid0 personality registered for level 0
[    4.281167] md: raid1 personality registered for level 1
[    4.351038] raid6: sse2x1   gen() 12526 MB/s
[    4.419206] raid6: sse2x1   xor()  8965 MB/s
[    4.487065] raid6: sse2x2   gen() 18088 MB/s
[    4.555217] raid6: sse2x2   xor() 12386 MB/s
[    4.623264] raid6: sse2x4   gen() 19812 MB/s
[    4.691051] raid6: sse2x4   xor() 12443 MB/s
[    4.759057] raid6: avx2x1   gen() 24935 MB/s
[    4.827571] raid6: avx2x2   gen() 33054 MB/s
[    4.895304] raid6: avx2x4   gen() 36017 MB/s
[    4.896048] raid6: using algorithm avx2x4 gen() 36017 MB/s
[    4.896800] raid6: using avx2x2 recovery algorithm
[    4.898479] xor: automatically using best checksumming function:
[    4.939263]    avx       : 30002.000 MB/sec
[    4.941082] async_tx: api initialized (async)
[    4.948903] md: raid6 personality registered for level 6
[    4.949754] md: raid5 personality registered for level 5
[    4.950496] md: raid4 personality registered for level 4
[    4.955647] md: raid10 personality registered for level 10
done.
Begin: Running /scripts/init-premount ... done.
Begin: Mounting root file system ... Begin: Running /scripts/local-top ... done.
Begin: Running /scripts/local-premount ... [    4.976555] Btrfs loaded
Scanning for Btrfs filesystems
done.
Warning: fsck not present, so skipping root file system
[    4.994889] EXT4-fs (sda1): mounted filesystem with ordered data mode. Opts: (null)
done.
Begin: Running /scripts/local-bottom ... done.
Begin: Running /scripts/init-bottom ... done.
[    5.060283] systemd[1]: systemd 229 running in system mode. (+PAM +AUDIT +SELINUX +IMA +APPARMOR +SMACK +SYSVINIT +UTMP +LIBCRYPTSETUP +GCRYPT +GNUTLS +ACL +XZ -LZ4 +SECCOMP +BLKID +ELFUTILS +KMOD -IDN)
[    5.062633] systemd[1]: Detected virtualization oracle.
[    5.063406] systemd[1]: Detected architecture x86-64.

Welcome to [1mUbuntu 16.04.6 LTS[0m!

[    5.065897] systemd[1]: Set hostname to <ubuntu-xenial>.
[    5.158448] systemd[1]: Listening on /dev/initctl Compatibility Named Pipe.
[[0;32m  OK  [0m] Listening on /dev/initctl Compatibility Named Pipe.
[    5.160396] systemd[1]: Started Forward Password Requests to Wall Directory Watch.
[[0;32m  OK  [0m] Started Forward Password Requests to Wall Directory Watch.
[    5.162455] systemd[1]: Listening on Device-mapper event daemon FIFOs.
[[0;32m  OK  [0m] Listening on Device-mapper event daemon FIFOs.
[    5.171238] systemd[1]: Started Trigger resolvconf update for networkd DNS.
[[0;32m  OK  [0m] Started Trigger resolvconf update for networkd DNS.
[    5.172710] systemd[1]: Reached target System Time Synchronized.
[[0;32m  OK  [0m] Reached target System Time Synchronized.
[    5.174246] systemd[1]: Created slice System Slice.
[[0;32m  OK  [0m] Created slice System Slice.
[    5.175653] systemd[1]: Created slice system-serial\x2dgetty.slice.
[[0;32m  OK  [0m] Created slice system-serial\x2dgetty.slice.
[    5.184054] systemd[1]: Created slice User and Session Slice.
[[0;32m  OK  [0m] Created slice User and Session Slice.
[    5.185526] systemd[1]: Listening on LVM2 metadata daemon socket.
[[0;32m  OK  [0m] Listening on LVM2 metadata daemon socket.
[    5.191748] systemd[1]: Reached target Slices.
[[0;32m  OK  [0m] Reached target Slices.
[    5.199561] systemd[1]: Listening on Syslog Socket.
[[0;32m  OK  [0m] Listening on Syslog Socket.
[    5.200768] systemd[1]: Listening on Journal Socket.
[[0;32m  OK  [0m] Listening on Journal Socket.
[    5.215354] systemd[1]: Starting Create list of required static device nodes for the current kernel...
         Starting Create list of required st... nodes for the current kernel...
[    5.224572] systemd[1]: Starting Set console keymap...
         Starting Set console keymap...
[    5.226715] systemd[1]: Starting Monitoring of LVM2 mirrors, snapshots etc. using dmeventd or progress polling...
         Starting Monitoring of LVM2 mirrors... dmeventd or progress polling...
[    5.233283] systemd[1]: Starting Load Kernel Modules...
         Starting Load Kernel Modules...
[    5.237242] systemd[1]: Starting Nameserver information manager...
         Starting Nameserver information manager...
[    5.240120] systemd[1]: Set up automount Arbitrary Executable File Formats File System Automount Point.
[[0;32m  OK  [0m] Set up automount Arbitrary Executab...ats File System Automount Point.
[    5.247092] systemd[1]: Starting Remount Root and Kernel File Systems...
         Starting Remount Root and Kernel File Systems...
[    5.249536] systemd[1]: Reached target Swap.
[[0;32m  OK  [0m] Reached target Swap.
[    5.251296] systemd[1]: Listening on Journal Audit Socket.
[[0;32m  OK  [0m] Listening on Journal Audit Socket.
[    5.252875] systemd[1]: Listening on udev Control Socket.
[    5.253884] Loading iSCSI transport class v2.0-870.
[[0;32m  OK  [0m] Listening on udev Control Socket.
[    5.256960] EXT4-fs (sda1): re-mounted. Opts: (null)
[    5.263919] systemd[1]: Reached target User and Group Name Lookups.
[[0;32m  OK  [0m] Reached target User and Group Name Lookups.
[    5.266089] systemd[1]: Mounting POSIX Message Queue File System...
         Mounting POSIX Message Queue File System...
[    5.267511] iscsi: registered transport (tcp)
[    5.268667] systemd[1]: Mounting Huge Pages File System...
         Mounting Huge Pages File System...
[    5.275773] systemd[1]: Listening on LVM2 poll daemon socket.
[[0;32m  OK  [0m] Listening on LVM2 poll daemon socket.
[    5.283550] systemd[1]: Listening on Journal Socket (/dev/log).
[[0;32m  OK  [0m] Listening on Journal Socket (/dev/log).
[    5.290682] iscsi: registered transport (iser)
[    5.307315] systemd[1]: Starting Journal Service...
         Starting Journal Service...
[    5.309574] systemd[1]: Mounting Debug File System...
         Mounting Debug File System...
[    5.311326] systemd[1]: Starting Uncomplicated firewall...
         Starting Uncomplicated firewall...
[    5.312898] systemd[1]: Listening on udev Kernel Socket.
[[0;32m  OK  [0m] Listening on udev Kernel Socket.
[    5.314950] systemd[1]: Reached target Encrypted Volumes.
[[0;32m  OK  [0m] Reached target Encrypted Volumes.
[    5.317725] systemd[1]: Mounted POSIX Message Queue File System.
[[0;32m  OK  [0m] Mounted POSIX Message Queue File System.
[    5.319509] systemd[1]: Mounted Debug File System.
[[0;32m  OK  [0m] Mounted Debug File System.
[    5.321324] systemd[1]: Mounted Huge Pages File System.
[[0;32m  OK  [0m] Mounted Huge Pages File System.
[    5.323471] systemd[1]: Started Create list of required static device nodes for the current kernel.
[[0;32m  OK  [0m] Started Create list of required sta...ce nodes for the current kernel.
[    5.327571] systemd[1]: Started Set console keymap.
[[0;32m  OK  [0m] Started Set console keymap.
[    5.329195] systemd[1]: Started Load Kernel Modules.
[[0;32m  OK  [0m] Started Load Kernel Modules.
[    5.331965] systemd[1]: Started Remount Root and Kernel File Systems.
[[0;32m  OK  [0m] Started Remount Root and Kernel File Systems.
[    5.334541] systemd[1]: Started Uncomplicated firewall.
[[0;32m  OK  [0m] Started Uncomplicated firewall.
[    5.356139] systemd[1]: Started Nameserver information manager.
[[0;32m  OK  [0m] Started Nameserver information manager.
[    5.359276] systemd[1]: Started Journal Service.
[[0;32m  OK  [0m] Started Journal Service.
[[0;32m  OK  [0m] Started LVM2 metadata daemon.
         Starting udev Coldplug all Devices...
         Starting Load/Save Random Seed...
         Starting Flush Journal to Persistent Storage...
         Mounting FUSE Control File System...
         Starting Apply Kernel Variables...
         Starting Create Static Device Nodes in /dev...
[[0;32m  OK  [0m] Mounted FUSE Control File System.
[[0;32m  OK  [0m] Started Load/Save Random Seed.
[[0;32m  OK  [0m] Started Apply Kernel Variables.
[[0;32m  OK  [0m] Started Create Static Device Nodes in /dev.
[[0;32m  OK  [0m] Started Flush Journal to Persistent Storage.
         Starting udev Kernel Device Manager...
[[0;32m  OK  [0m] Started udev Coldplug all Devices.
[[0;32m  OK  [0m] Started udev Kernel Device Manager.
[[0;32m  OK  [0m] Started Dispatch Password Requests to Console Directory Watch.
[[0;32m  OK  [0m] Found device /dev/ttyS0.
[[0;32m  OK  [0m] Listening on Load/Save RF Kill Switch Status /dev/rfkill Watch.
[[0;32m  OK  [0m] Found device 82540EM Gigabit Ethern...r (PRO/1000 MT Desktop Adapter).
[[0;32m  OK  [0m] Started Monitoring of LVM2 mirrors,...ng dmeventd or progress polling.
[[0;32m  OK  [0m] Reached target Local File Systems (Pre).
[[0;32m  OK  [0m] Reached target Local File Systems.
         Starting Set console font and keymap...
         Starting Create Volatile Files and Directories...
         Starting LSB: AppArmor initialization...
         Starting Tell Plymouth To Write Out Runtime Data...
         Starting Initial cloud-init job (pre-networking)...
[[0;32m  OK  [0m] Started Create Volatile Files and Directories.
[[0;32m  OK  [0m] Started Tell Plymouth To Write Out Runtime Data.
         Starting Update UTMP about System Boot/Shutdown...
[[0;32m  OK  [0m] Started Set console font and keymap.
[[0;32m  OK  [0m] Created slice system-getty.slice.
[[0;32m  OK  [0m] Started Update UTMP about System Boot/Shutdown.
[[0;32m  OK  [0m] Started LSB: AppArmor initialization.
[    6.421624] cloud-init[672]: Cloud-init v. 19.2-36-g059d049c-0ubuntu1~16.04.1 running 'init-local' at Wed, 09 Oct 2019 11:01:50 +0000. Up 6.24 seconds.
[[0;32m  OK  [0m] Started Initial cloud-init job (pre-networking).
[[0;32m  OK  [0m] Reached target Network (Pre).
         Starting Raise network interfaces...
[[0;32m  OK  [0m] Started ifup for enp0s3.
[[0;32m  OK  [0m] Started Raise network interfaces.
[[0;32m  OK  [0m] Reached target Network.
         Starting Initial cloud-init job (metadata service crawler)...
[    6.908435] cloud-init[991]: Cloud-init v. 19.2-36-g059d049c-0ubuntu1~16.04.1 running 'init' at Wed, 09 Oct 2019 11:01:50 +0000. Up 6.74 seconds.
[    6.916737] cloud-init[991]: ci-info: ++++++++++++++++++++++++++++++++++++++Net device info++++++++++++++++++++++++++++++++++++++
[    6.917629] cloud-init[991]: ci-info: +--------+-------+---------------------------+---------------+--------+-------------------+
[    6.918751] cloud-init[991]: ci-info: | Device |   Up  |          Address          |      Mask     | Scope  |     Hw-Address    |
[    6.919833] cloud-init[991]: ci-info: +--------+-------+---------------------------+---------------+--------+-------------------+
[    6.921020] cloud-init[991]: ci-info: | enp0s3 |  True |         10.0.2.15         | 255.255.255.0 | global | 02:0e:9b:2d:5b:92 |
[    6.922211] cloud-init[991]: ci-info: | enp0s3 |  True | fe80::e:9bff:fe2d:5b92/64 |       .       |  link  | 02:0e:9b:2d:5b:92 |
[    6.923375] cloud-init[991]: ci-info: | enp0s8 | False |             .             |       .       |   .    | 08:00:27:c1:7f:9a |
[    6.924539] cloud-init[991]: ci-info: |   lo   |  True |         127.0.0.1         |   255.0.0.0   |  host  |         .         |
[    6.925794] cloud-init[991]: ci-info: |   lo   |  True |          ::1/128          |       .       |  host  |         .         |
[    6.926910] cloud-init[991]: ci-info: +--------+-------+---------------------------+---------------+--------+-------------------+
[    6.928072] cloud-init[991]: ci-info: +++++++++++++++++++++++++++Route IPv4 info++++++++++++++++++++++++++++
[    6.929120] cloud-init[991]: ci-info: +-------+-------------+----------+---------------+-----------+-------+
[    6.930120] cloud-init[991]: ci-info: | Route | Destination | Gateway  |    Genmask    | Interface | Flags |
[    6.931115] cloud-init[991]: ci-info: +-------+-------------+----------+---------------+-----------+-------+
[    6.932125] cloud-init[991]: ci-info: |   0   |   0.0.0.0   | 10.0.2.2 |    0.0.0.0    |   enp0s3  |   UG  |
[    6.933167] cloud-init[991]: ci-info: |   1   |   10.0.2.0  | 0.0.0.0  | 255.255.255.0 |   enp0s3  |   U   |
[    6.934201] cloud-init[991]: ci-info: +-------+-------------+----------+---------------+-----------+-------+
[    6.935200] cloud-init[991]: ci-info: +++++++++++++++++++Route IPv6 info+++++++++++++++++++[[0;32m  OK  [0m] Started Initial cloud-init job (metadata service crawler).
[[0;32m  OK  [0m] Reached target Network is Online.

[    6.944237] cloud-init[991]: ci-info: +-------+-------------+---------+-----------+-------+
[    6.944942] cloud-init[991]: ci-info: | Route | Destination | Gateway | Interface | Flags |
[    6.952259] cloud-init[991]: ci-info: +-------+-------------+---------+-----------+-------+
[    6.960463] cloud-init[991]: ci-info: |   0   |  fe80::/64  |    ::   |   enp0s3  |   U   |
[    6.969598] cloud-init[991]: ci-info: |   3   |   ff00::/8  |    ::   |   enp0s3  |   U   |
         Starting iSCSI initiator daemon (iscsid)...
[[    6.983368] [0;32m  OK  [0mcloud-init] [991]: Reached target Cloud-config availability.ci-info: +-------+-------------+---------+-----------+-------+

[[0;32m  OK  [0m] Reached target System Initialization.
         Starting Socket activation for snappy daemon.
[[0;32m  OK  [0m] Started Daily Cleanup of Temporary Directories.
[[0;32m  OK  [0m] Listening on UUID daemon activation socket.
[[0;32m  OK  [0m] Listening on ACPID Listen Socket.
         Starting LXD - unix socket.
[[0;32m  OK  [0m] Started ACPI Events Check.
[[0;32m  OK  [0m] Reached target Paths.
[[0;32m  OK  [0m] Listening on D-Bus System Message Bus Socket.
[[0;32m  OK  [0m] Started Daily apt download activities.
[[0;32m  OK  [0m] Started Daily apt upgrade and clean activities.
[[0;32m  OK  [0m] Reached target Timers.
[[0;32m  OK  [0m] Listening on Socket activation for snappy daemon.
[[0;32m  OK  [0m] Listening on LXD - unix socket.
[[0;32m  OK  [0m] Started iSCSI initiator daemon (iscsid).
         Starting Login to default iSCSI targets...
[[0;32m  OK  [0m] Reached target Sockets.
[[0;32m  OK  [0m] Reached target Basic System.
[[0;32m  OK  [0m] Started Deferred execution scheduler.
         Starting Virtualbox guest utils...
[[0;32m  OK  [0m] Started D-Bus System Message Bus.
[[0;32m  OK  [0m] Started ACPI event daemon.
         Starting LXD - container startup/shutdown...
[[0;32m  OK  [0m] Started FUSE filesystem for LXC.
[[0;32m  OK  [0m] Started Regular background program processing daemon.
         Starting Login Service...
         Starting System Logging Service...
         Starting /etc/rc.local Compatibility...
         Starting LSB: Record successful boot for GRUB...
         Starting Accounts Service...
         Starting OpenBSD Secure Shell server...
         Starting LSB: MD monitoring daemon...
         Starting A high performance web server and a reverse proxy server...
         Starting Snappy daemon...
[[0;32m  OK  [0m] Started /etc/rc.local Compatibility.
[[0;32m  OK  [0m] Started System Logging Service.
[[0;32m  OK  [0m] Started Login to default iSCSI targets.
[[0;32m  OK  [0m] Started OpenBSD Secure Shell server.
[[0;32m  OK  [0m] Started Login Service.
[[0;32m  OK  [0m] Started Unattended Upgrades Shutdown.
         Starting Authenticate and Authorize Users to Run Privileged Tasks...
[[0;32m  OK  [0m] Reached target Remote File Systems (Pre).
[[0;32m  OK  [0m] Reached target Remote File Systems.
         Starting Permit User Sessions...
         Starting LSB: automatic crash report generation...
         Starting LSB: daemon to balance interrupts for SMP systems...
         Starting LSB: Set the CPU Frequency Scaling governor to "ondemand"...
[[0;32m  OK  [0m] Started LXD - container startup/shutdown.
[[0;32m  OK  [0m] Started LSB: Record successful boot for GRUB.
[[0;32m  OK  [0m] Started LSB: MD monitoring daemon.
[[0;32m  OK  [0m] Started Virtualbox guest utils.
[[0;32m  OK  [0m] Started Permit User Sessions.
[[0;32m  OK  [0m] Started A high performance web server and a reverse proxy server.
[[0;32m  OK  [0m] Started Authenticate and Authorize Users to Run Privileged Tasks.
[[0;32m  OK  [0m] Started Accounts Service.
         Starting Terminate Plymouth Boot Screen...
         Starting Hold until boot process finishes up...
[[0;32m  OK  [0m] Started LSB: automatic crash report generation.
[[0;32m  OK  [0m] Started LSB: daemon to balance interrupts for SMP systems.
[[0;32m  OK  [0m] Started LSB: Set the CPU Frequency Scaling governor to "ondemand".
[[0;32m  OK  [0m] Started Hold until boot process finishes up.
[[0;32m  OK  [0m] Started Getty on tty1.
         Starting Set console scheme...
[[0;32m  OK  [0m] Started Serial Getty on ttyS0.
[[0;32m  OK  [0m] Reached target Login Prompts.
[[0;32m  OK  [0m] Started Terminate Plymouth Boot Screen.
[[0;32m  OK  [0m] Started Set console scheme.
[[0;32m  OK  [0m] Started Snappy daemon.
         Starting Wait until snapd is fully seeded...
[[0;32m  OK  [0m] Started Wait until snapd is fully seeded.
         Starting Apply the settings specified in cloud-config...
[[0;32m  OK  [0m] Reached target Multi-User System.
[[0;32m  OK  [0m] Reached target Graphical Interface.
         Starting Update UTMP about System Runlevel Changes...
[[0;32m  OK  [0m] Started Update UTMP about System Runlevel Changes.
[    7.707181] cloud-init[1258]: Cloud-init v. 19.2-36-g059d049c-0ubuntu1~16.04.1 running 'modules:config' at Wed, 09 Oct 2019 11:01:51 +0000. Up 7.64 seconds.
[[0;32m  OK  [0m] Started Apply the settings specified in cloud-config.
         Starting Execute cloud user/final scripts...
[    7.994302] cloud-init[1270]: Cloud-init v. 19.2-36-g059d049c-0ubuntu1~16.04.1 running 'modules:final' at Wed, 09 Oct 2019 11:01:51 +0000. Up 7.91 seconds.
[    7.995918] cloud-init[1270]: Cloud-init v. 19.2-36-g059d049c-0ubuntu1~16.04.1 finished at Wed, 09 Oct 2019 11:01:52 +0000. Datasource DataSourceNoCloud [seed=/dev/sdb][dsmode=net].  Up 7.98 seconds
[[0;32m  OK  [0m] Started Execute cloud user/final scripts.
[[0;32m  OK  [0m] Reached target Cloud-init target.

Ubuntu 16.04.6 LTS ubuntu-xenial ttyS0

ubuntu-xenial login: 